C:\USERS\ZARASOFT\DOCUMENTS\VISUAL STUDIO 2012\PROJECTS\SIMPLEDLG\SIMPLEDLG\DEBUG\SIMPLEDLG.PCH
C:\USERS\ZARASOFT\DOCUMENTS\VISUAL STUDIO 2012\PROJECTS\SIMPLEDLG\SIMPLEDLG\DEBUG\STDAFX.OBJ
C:\USERS\ZARASOFT\DOCUMENTS\VISUAL STUDIO 2012\PROJECTS\SIMPLEDLG\SIMPLEDLG\DEBUG\VC110.PDB
C:\USERS\ZARASOFT\DOCUMENTS\VISUAL STUDIO 2012\PROJECTS\SIMPLEDLG\SIMPLEDLG\DEBUG\MAINFRM.OBJ
C:\USERS\ZARASOFT\DOCUMENTS\VISUAL STUDIO 2012\PROJECTS\SIMPLEDLG\SIMPLEDLG\DEBUG\SIMPLEDLG.OBJ
C:\USERS\ZARASOFT\DOCUMENTS\VISUAL STUDIO 2012\PROJECTS\SIMPLEDLG\SIMPLEDLG\DEBUG\SIMPLEDLGDOC.OBJ
C:\USERS\ZARASOFT\DOCUMENTS\VISUAL STUDIO 2012\PROJECTS\SIMPLEDLG\SIMPLEDLG\DEBUG\SIMPLEDLGVIEW.OBJ
C:\USERS\ZARASOFT\DOCUMENTS\VISUAL STUDIO 2012\PROJECTS\SIMPLEDLG\SIMPLEDLG\DEBUG\OPTIONS.OBJ
C:\USERS\ZARASOFT\DOCUMENTS\VISUAL STUDIO 2012\PROJECTS\SIMPLEDLG\DEBUG\SIMPLEDLG.ILK
C:\USERS\ZARASOFT\DOCUMENTS\VISUAL STUDIO 2012\PROJECTS\SIMPLEDLG\DEBUG\SIMPLEDLG.EXE
C:\USERS\ZARASOFT\DOCUMENTS\VISUAL STUDIO 2012\PROJECTS\SIMPLEDLG\DEBUG\SIMPLEDLG.PDB
C:\USERS\ZARASOFT\DOCUMENTS\VISUAL STUDIO 2012\PROJECTS\SIMPLEDLG\SIMPLEDLG\DEBUG\SIMPLEDLG.RES
C:\Users\ZaraSOFT\documents\visual studio 2012\Projects\SimpleDlg\SimpleDlg\Debug\MainFrm.obj
C:\Users\ZaraSOFT\documents\visual studio 2012\Projects\SimpleDlg\SimpleDlg\Debug\Options.obj
C:\Users\ZaraSOFT\documents\visual studio 2012\Projects\SimpleDlg\SimpleDlg\Debug\SimpleDlg.obj
C:\Users\ZaraSOFT\documents\visual studio 2012\Projects\SimpleDlg\SimpleDlg\Debug\SimpleDlgDoc.obj
C:\Users\ZaraSOFT\documents\visual studio 2012\Projects\SimpleDlg\SimpleDlg\Debug\SimpleDlgView.obj
C:\Users\ZaraSOFT\documents\visual studio 2012\Projects\SimpleDlg\SimpleDlg\Debug\stdafx.obj
C:\Users\ZaraSOFT\documents\visual studio 2012\Projects\SimpleDlg\SimpleDlg\Debug\cl.command.1.tlog
C:\Users\ZaraSOFT\documents\visual studio 2012\Projects\SimpleDlg\SimpleDlg\Debug\CL.read.1.tlog
C:\Users\ZaraSOFT\documents\visual studio 2012\Projects\SimpleDlg\SimpleDlg\Debug\CL.write.1.tlog
C:\Users\ZaraSOFT\documents\visual studio 2012\Projects\SimpleDlg\SimpleDlg\Debug\link-cvtres.read.1.tlog
C:\Users\ZaraSOFT\documents\visual studio 2012\Projects\SimpleDlg\SimpleDlg\Debug\link-cvtres.write.1.tlog
C:\Users\ZaraSOFT\documents\visual studio 2012\Projects\SimpleDlg\SimpleDlg\Debug\link-mt.read.1.tlog
C:\Users\ZaraSOFT\documents\visual studio 2012\Projects\SimpleDlg\SimpleDlg\Debug\link-mt.write.1.tlog
C:\Users\ZaraSOFT\documents\visual studio 2012\Projects\SimpleDlg\SimpleDlg\Debug\link-rc.read.1.tlog
C:\Users\ZaraSOFT\documents\visual studio 2012\Projects\SimpleDlg\SimpleDlg\Debug\link-rc.write.1.tlog
C:\Users\ZaraSOFT\documents\visual studio 2012\Projects\SimpleDlg\SimpleDlg\Debug\link.command.1.tlog
C:\Users\ZaraSOFT\documents\visual studio 2012\Projects\SimpleDlg\SimpleDlg\Debug\link.read.1.tlog
C:\Users\ZaraSOFT\documents\visual studio 2012\Projects\SimpleDlg\SimpleDlg\Debug\link.write.1.tlog
C:\Users\ZaraSOFT\documents\visual studio 2012\Projects\SimpleDlg\SimpleDlg\Debug\rc.command.1.tlog
C:\Users\ZaraSOFT\documents\visual studio 2012\Projects\SimpleDlg\SimpleDlg\Debug\rc.read.1.tlog
C:\Users\ZaraSOFT\documents\visual studio 2012\Projects\SimpleDlg\SimpleDlg\Debug\rc.write.1.tlog
C:\Users\ZaraSOFT\documents\visual studio 2012\Projects\SimpleDlg\SimpleDlg\Debug\SimpleDlg.res
C:\Users\ZaraSOFT\documents\visual studio 2012\Projects\SimpleDlg\SimpleDlg\Debug\SimpleDlg.pch
C:\Users\ZaraSOFT\documents\visual studio 2012\Projects\SimpleDlg\SimpleDlg\Debug\vc110.idb
C:\Users\ZaraSOFT\documents\visual studio 2012\Projects\SimpleDlg\SimpleDlg\Debug\vc110.pdb
C:\Users\ZaraSOFT\documents\visual studio 2012\Projects\SimpleDlg\Debug\SimpleDlg.pdb
C:\Users\ZaraSOFT\documents\visual studio 2012\Projects\SimpleDlg\Debug\SimpleDlg.exe
C:\Users\ZaraSOFT\documents\visual studio 2012\Projects\SimpleDlg\Debug\SimpleDlg.ilk
